<?xml version="1.0" encoding="UTF-8"?>
<testsuite xmlns:xsi="http://www.w3.org/2001/XMLSchema-instance" xsi:noNamespaceSchemaLocation="https://maven.apache.org/surefire/maven-surefire-plugin/xsd/surefire-test-report-3.0.xsd" version="3.0" name="TestSuite" time="6.01" tests="9" errors="0" skipped="6" failures="3">
  <properties>
[...]
</properties>
  <testcase name="initializeBrowser" classname="com.atmecs.toolsQA.testscripts.TestHomePage" time="2.908">
    <failure message="unknown error: cannot find Chrome binary&#10;Build info: version: &apos;3.141.59&apos;, revision: &apos;e82be7d358&apos;, time: &apos;2018-11-14T08:17:03&apos;&#10;System info: host: &apos;ATMECSINLT-083&apos;, ip: &apos;55.55.52.90&apos;, os.name: &apos;Windows 10&apos;, os.arch: &apos;amd64&apos;, os.version: &apos;10.0&apos;, java.version: &apos;12.0.1&apos;&#10;Driver info: driver.version: ChromeDriver&#10;remote stacktrace: Backtrace:&#10;	Ordinal0 [0x00B8A903+1550595]&#10;	Ordinal0 [0x00B0A701+1025793]&#10;	Ordinal0 [0x00A8C6E5+509669]&#10;	Ordinal0 [0x00A1C082+49282]&#10;	Ordinal0 [0x00A3ACE7+175335]&#10;	Ordinal0 [0x00A3A8ED+174317]&#10;	Ordinal0 [0x00A38CDB+167131]&#10;	Ordinal0 [0x00A2144A+70730]&#10;	Ordinal0 [0x00A224D0+74960]&#10;	Ordinal0 [0x00A22469+74857]&#10;	Ordinal0 [0x00B242C7+1131207]&#10;	GetHandleVerifier [0x00C270FD+523789]&#10;	GetHandleVerifier [0x00C26E90+523168]&#10;	GetHandleVerifier [0x00C2E1E7+552695]&#10;	GetHandleVerifier [0x00C278FA+525834]&#10;	Ordinal0 [0x00B1B7FC+1095676]&#10;	Ordinal0 [0x00B2633B+1139515]&#10;	Ordinal0 [0x00B264A3+1139875]&#10;	Ordinal0 [0x00B25425+1135653]&#10;	BaseThreadInitThunk [0x759C60C9+25]&#10;	RtlGetAppContainerNamedObjectPath [0x77CC7A94+228]&#10;	RtlGetAppContainerNamedObjectPath [0x77CC7A64+180]&#10;" type="org.openqa.selenium.WebDriverException">org.openqa.selenium.WebDriverException: 
unknown error: cannot find Chrome binary
Build info: version: '3.141.59', revision: 'e82be7d358', time: '2018-11-14T08:17:03'
System info: host: 'ATMECSINLT-083', ip: '55.55.52.90', os.name: 'Windows 10', os.arch: 'amd64', os.version: '10.0', java.version: '12.0.1'
Driver info: driver.version: ChromeDriver
remote stacktrace: Backtrace:
	Ordinal0 [0x00B8A903+1550595]
	Ordinal0 [0x00B0A701+1025793]
	Ordinal0 [0x00A8C6E5+509669]
	Ordinal0 [0x00A1C082+49282]
	Ordinal0 [0x00A3ACE7+175335]
	Ordinal0 [0x00A3A8ED+174317]
	Ordinal0 [0x00A38CDB+167131]
	Ordinal0 [0x00A2144A+70730]
	Ordinal0 [0x00A224D0+74960]
	Ordinal0 [0x00A22469+74857]
	Ordinal0 [0x00B242C7+1131207]
	GetHandleVerifier [0x00C270FD+523789]
	GetHandleVerifier [0x00C26E90+523168]
	GetHandleVerifier [0x00C2E1E7+552695]
	GetHandleVerifier [0x00C278FA+525834]
	Ordinal0 [0x00B1B7FC+1095676]
	Ordinal0 [0x00B2633B+1139515]
	Ordinal0 [0x00B264A3+1139875]
	Ordinal0 [0x00B25425+1135653]
	BaseThreadInitThunk [0x759C60C9+25]
	RtlGetAppContainerNamedObjectPath [0x77CC7A94+228]
	RtlGetAppContainerNamedObjectPath [0x77CC7A64+180]

</failure>
    <system-err><![CDATA[Starting ChromeDriver 78.0.3904.70 (edb9c9f3de0247fd912a77b7f6cae7447f6d3ad5-refs/branch-heads/3904@{#800}) on port 27091
Only local connections are allowed.
Please protect ports used by ChromeDriver and related test frameworks to prevent access by malicious code.
]]></system-err>
  </testcase>
  <testcase name="initializeBrowser" classname="com.atmecs.toolsQA.testscripts.TestHomePage" time="4.83">
    <failure message="unknown error: cannot find Chrome binary&#10;Build info: version: &apos;3.141.59&apos;, revision: &apos;e82be7d358&apos;, time: &apos;2018-11-14T08:17:03&apos;&#10;System info: host: &apos;ATMECSINLT-083&apos;, ip: &apos;55.55.52.90&apos;, os.name: &apos;Windows 10&apos;, os.arch: &apos;amd64&apos;, os.version: &apos;10.0&apos;, java.version: &apos;12.0.1&apos;&#10;Driver info: driver.version: ChromeDriver&#10;remote stacktrace: Backtrace:&#10;	Ordinal0 [0x00B8A903+1550595]&#10;	Ordinal0 [0x00B0A701+1025793]&#10;	Ordinal0 [0x00A8C6E5+509669]&#10;	Ordinal0 [0x00A1C082+49282]&#10;	Ordinal0 [0x00A3ACE7+175335]&#10;	Ordinal0 [0x00A3A8ED+174317]&#10;	Ordinal0 [0x00A38CDB+167131]&#10;	Ordinal0 [0x00A2144A+70730]&#10;	Ordinal0 [0x00A224D0+74960]&#10;	Ordinal0 [0x00A22469+74857]&#10;	Ordinal0 [0x00B242C7+1131207]&#10;	GetHandleVerifier [0x00C270FD+523789]&#10;	GetHandleVerifier [0x00C26E90+523168]&#10;	GetHandleVerifier [0x00C2E1E7+552695]&#10;	GetHandleVerifier [0x00C278FA+525834]&#10;	Ordinal0 [0x00B1B7FC+1095676]&#10;	Ordinal0 [0x00B2633B+1139515]&#10;	Ordinal0 [0x00B264A3+1139875]&#10;	Ordinal0 [0x00B25425+1135653]&#10;	BaseThreadInitThunk [0x759C60C9+25]&#10;	RtlGetAppContainerNamedObjectPath [0x77CC7A94+228]&#10;	RtlGetAppContainerNamedObjectPath [0x77CC7A64+180]&#10;" type="org.openqa.selenium.WebDriverException">org.openqa.selenium.WebDriverException: 
unknown error: cannot find Chrome binary
Build info: version: '3.141.59', revision: 'e82be7d358', time: '2018-11-14T08:17:03'
System info: host: 'ATMECSINLT-083', ip: '55.55.52.90', os.name: 'Windows 10', os.arch: 'amd64', os.version: '10.0', java.version: '12.0.1'
Driver info: driver.version: ChromeDriver
remote stacktrace: Backtrace:
	Ordinal0 [0x00B8A903+1550595]
	Ordinal0 [0x00B0A701+1025793]
	Ordinal0 [0x00A8C6E5+509669]
	Ordinal0 [0x00A1C082+49282]
	Ordinal0 [0x00A3ACE7+175335]
	Ordinal0 [0x00A3A8ED+174317]
	Ordinal0 [0x00A38CDB+167131]
	Ordinal0 [0x00A2144A+70730]
	Ordinal0 [0x00A224D0+74960]
	Ordinal0 [0x00A22469+74857]
	Ordinal0 [0x00B242C7+1131207]
	GetHandleVerifier [0x00C270FD+523789]
	GetHandleVerifier [0x00C26E90+523168]
	GetHandleVerifier [0x00C2E1E7+552695]
	GetHandleVerifier [0x00C278FA+525834]
	Ordinal0 [0x00B1B7FC+1095676]
	Ordinal0 [0x00B2633B+1139515]
	Ordinal0 [0x00B264A3+1139875]
	Ordinal0 [0x00B25425+1135653]
	BaseThreadInitThunk [0x759C60C9+25]
	RtlGetAppContainerNamedObjectPath [0x77CC7A94+228]
	RtlGetAppContainerNamedObjectPath [0x77CC7A64+180]

</failure>
    <system-err><![CDATA[Starting ChromeDriver 78.0.3904.70 (edb9c9f3de0247fd912a77b7f6cae7447f6d3ad5-refs/branch-heads/3904@{#800}) on port 22972
Only local connections are allowed.
Please protect ports used by ChromeDriver and related test frameworks to prevent access by malicious code.
]]></system-err>
  </testcase>
  <testcase name="initializeBrowser" classname="com.atmecs.toolsQA.testscripts.TestHomePage" time="5.606">
    <failure message="unknown error: cannot find Chrome binary&#10;Build info: version: &apos;3.141.59&apos;, revision: &apos;e82be7d358&apos;, time: &apos;2018-11-14T08:17:03&apos;&#10;System info: host: &apos;ATMECSINLT-083&apos;, ip: &apos;55.55.52.90&apos;, os.name: &apos;Windows 10&apos;, os.arch: &apos;amd64&apos;, os.version: &apos;10.0&apos;, java.version: &apos;12.0.1&apos;&#10;Driver info: driver.version: ChromeDriver&#10;remote stacktrace: Backtrace:&#10;	Ordinal0 [0x00B8A903+1550595]&#10;	Ordinal0 [0x00B0A701+1025793]&#10;	Ordinal0 [0x00A8C6E5+509669]&#10;	Ordinal0 [0x00A1C082+49282]&#10;	Ordinal0 [0x00A3ACE7+175335]&#10;	Ordinal0 [0x00A3A8ED+174317]&#10;	Ordinal0 [0x00A38CDB+167131]&#10;	Ordinal0 [0x00A2144A+70730]&#10;	Ordinal0 [0x00A224D0+74960]&#10;	Ordinal0 [0x00A22469+74857]&#10;	Ordinal0 [0x00B242C7+1131207]&#10;	GetHandleVerifier [0x00C270FD+523789]&#10;	GetHandleVerifier [0x00C26E90+523168]&#10;	GetHandleVerifier [0x00C2E1E7+552695]&#10;	GetHandleVerifier [0x00C278FA+525834]&#10;	Ordinal0 [0x00B1B7FC+1095676]&#10;	Ordinal0 [0x00B2633B+1139515]&#10;	Ordinal0 [0x00B264A3+1139875]&#10;	Ordinal0 [0x00B25425+1135653]&#10;	BaseThreadInitThunk [0x759C60C9+25]&#10;	RtlGetAppContainerNamedObjectPath [0x77CC7A94+228]&#10;	RtlGetAppContainerNamedObjectPath [0x77CC7A64+180]&#10;" type="org.openqa.selenium.WebDriverException">org.openqa.selenium.WebDriverException: 
unknown error: cannot find Chrome binary
Build info: version: '3.141.59', revision: 'e82be7d358', time: '2018-11-14T08:17:03'
System info: host: 'ATMECSINLT-083', ip: '55.55.52.90', os.name: 'Windows 10', os.arch: 'amd64', os.version: '10.0', java.version: '12.0.1'
Driver info: driver.version: ChromeDriver
remote stacktrace: Backtrace:
	Ordinal0 [0x00B8A903+1550595]
	Ordinal0 [0x00B0A701+1025793]
	Ordinal0 [0x00A8C6E5+509669]
	Ordinal0 [0x00A1C082+49282]
	Ordinal0 [0x00A3ACE7+175335]
	Ordinal0 [0x00A3A8ED+174317]
	Ordinal0 [0x00A38CDB+167131]
	Ordinal0 [0x00A2144A+70730]
	Ordinal0 [0x00A224D0+74960]
	Ordinal0 [0x00A22469+74857]
	Ordinal0 [0x00B242C7+1131207]
	GetHandleVerifier [0x00C270FD+523789]
	GetHandleVerifier [0x00C26E90+523168]
	GetHandleVerifier [0x00C2E1E7+552695]
	GetHandleVerifier [0x00C278FA+525834]
	Ordinal0 [0x00B1B7FC+1095676]
	Ordinal0 [0x00B2633B+1139515]
	Ordinal0 [0x00B264A3+1139875]
	Ordinal0 [0x00B25425+1135653]
	BaseThreadInitThunk [0x759C60C9+25]
	RtlGetAppContainerNamedObjectPath [0x77CC7A94+228]
	RtlGetAppContainerNamedObjectPath [0x77CC7A64+180]

</failure>
    <system-err><![CDATA[Starting ChromeDriver 78.0.3904.70 (edb9c9f3de0247fd912a77b7f6cae7447f6d3ad5-refs/branch-heads/3904@{#800}) on port 49025
Only local connections are allowed.
Please protect ports used by ChromeDriver and related test frameworks to prevent access by malicious code.
]]></system-err>
  </testcase>
  <testcase name="testingDemoPage" classname="com.atmecs.toolsQA.testscripts.TestHomePage" time="0">
    <skipped message="unknown error: cannot find Chrome binary&#10;Build info: version: &apos;3.141.59&apos;, revision: &apos;e82be7d358&apos;, time: &apos;2018-11-14T08:17:03&apos;&#10;System info: host: &apos;ATMECSINLT-083&apos;, ip: &apos;55.55.52.90&apos;, os.name: &apos;Windows 10&apos;, os.arch: &apos;amd64&apos;, os.version: &apos;10.0&apos;, java.version: &apos;12.0.1&apos;&#10;Driver info: driver.version: ChromeDriver&#10;remote stacktrace: Backtrace:&#10;	Ordinal0 [0x00B8A903+1550595]&#10;	Ordinal0 [0x00B0A701+1025793]&#10;	Ordinal0 [0x00A8C6E5+509669]&#10;	Ordinal0 [0x00A1C082+49282]&#10;	Ordinal0 [0x00A3ACE7+175335]&#10;	Ordinal0 [0x00A3A8ED+174317]&#10;	Ordinal0 [0x00A38CDB+167131]&#10;	Ordinal0 [0x00A2144A+70730]&#10;	Ordinal0 [0x00A224D0+74960]&#10;	Ordinal0 [0x00A22469+74857]&#10;	Ordinal0 [0x00B242C7+1131207]&#10;	GetHandleVerifier [0x00C270FD+523789]&#10;	GetHandleVerifier [0x00C26E90+523168]&#10;	GetHandleVerifier [0x00C2E1E7+552695]&#10;	GetHandleVerifier [0x00C278FA+525834]&#10;	Ordinal0 [0x00B1B7FC+1095676]&#10;	Ordinal0 [0x00B2633B+1139515]&#10;	Ordinal0 [0x00B264A3+1139875]&#10;	Ordinal0 [0x00B25425+1135653]&#10;	BaseThreadInitThunk [0x759C60C9+25]&#10;	RtlGetAppContainerNamedObjectPath [0x77CC7A94+228]&#10;	RtlGetAppContainerNamedObjectPath [0x77CC7A64+180]&#10;"/>
  </testcase>
  <testcase name="testingDemoPage" classname="com.atmecs.toolsQA.testscripts.TestHomePage" time="0">
    <skipped message="unknown error: cannot find Chrome binary&#10;Build info: version: &apos;3.141.59&apos;, revision: &apos;e82be7d358&apos;, time: &apos;2018-11-14T08:17:03&apos;&#10;System info: host: &apos;ATMECSINLT-083&apos;, ip: &apos;55.55.52.90&apos;, os.name: &apos;Windows 10&apos;, os.arch: &apos;amd64&apos;, os.version: &apos;10.0&apos;, java.version: &apos;12.0.1&apos;&#10;Driver info: driver.version: ChromeDriver&#10;remote stacktrace: Backtrace:&#10;	Ordinal0 [0x00B8A903+1550595]&#10;	Ordinal0 [0x00B0A701+1025793]&#10;	Ordinal0 [0x00A8C6E5+509669]&#10;	Ordinal0 [0x00A1C082+49282]&#10;	Ordinal0 [0x00A3ACE7+175335]&#10;	Ordinal0 [0x00A3A8ED+174317]&#10;	Ordinal0 [0x00A38CDB+167131]&#10;	Ordinal0 [0x00A2144A+70730]&#10;	Ordinal0 [0x00A224D0+74960]&#10;	Ordinal0 [0x00A22469+74857]&#10;	Ordinal0 [0x00B242C7+1131207]&#10;	GetHandleVerifier [0x00C270FD+523789]&#10;	GetHandleVerifier [0x00C26E90+523168]&#10;	GetHandleVerifier [0x00C2E1E7+552695]&#10;	GetHandleVerifier [0x00C278FA+525834]&#10;	Ordinal0 [0x00B1B7FC+1095676]&#10;	Ordinal0 [0x00B2633B+1139515]&#10;	Ordinal0 [0x00B264A3+1139875]&#10;	Ordinal0 [0x00B25425+1135653]&#10;	BaseThreadInitThunk [0x759C60C9+25]&#10;	RtlGetAppContainerNamedObjectPath [0x77CC7A94+228]&#10;	RtlGetAppContainerNamedObjectPath [0x77CC7A64+180]&#10;"/>
  </testcase>
  <testcase name="testingDemoPage" classname="com.atmecs.toolsQA.testscripts.TestHomePage" time="0">
    <skipped message="unknown error: cannot find Chrome binary&#10;Build info: version: &apos;3.141.59&apos;, revision: &apos;e82be7d358&apos;, time: &apos;2018-11-14T08:17:03&apos;&#10;System info: host: &apos;ATMECSINLT-083&apos;, ip: &apos;55.55.52.90&apos;, os.name: &apos;Windows 10&apos;, os.arch: &apos;amd64&apos;, os.version: &apos;10.0&apos;, java.version: &apos;12.0.1&apos;&#10;Driver info: driver.version: ChromeDriver&#10;remote stacktrace: Backtrace:&#10;	Ordinal0 [0x00B8A903+1550595]&#10;	Ordinal0 [0x00B0A701+1025793]&#10;	Ordinal0 [0x00A8C6E5+509669]&#10;	Ordinal0 [0x00A1C082+49282]&#10;	Ordinal0 [0x00A3ACE7+175335]&#10;	Ordinal0 [0x00A3A8ED+174317]&#10;	Ordinal0 [0x00A38CDB+167131]&#10;	Ordinal0 [0x00A2144A+70730]&#10;	Ordinal0 [0x00A224D0+74960]&#10;	Ordinal0 [0x00A22469+74857]&#10;	Ordinal0 [0x00B242C7+1131207]&#10;	GetHandleVerifier [0x00C270FD+523789]&#10;	GetHandleVerifier [0x00C26E90+523168]&#10;	GetHandleVerifier [0x00C2E1E7+552695]&#10;	GetHandleVerifier [0x00C278FA+525834]&#10;	Ordinal0 [0x00B1B7FC+1095676]&#10;	Ordinal0 [0x00B2633B+1139515]&#10;	Ordinal0 [0x00B264A3+1139875]&#10;	Ordinal0 [0x00B25425+1135653]&#10;	BaseThreadInitThunk [0x759C60C9+25]&#10;	RtlGetAppContainerNamedObjectPath [0x77CC7A94+228]&#10;	RtlGetAppContainerNamedObjectPath [0x77CC7A64+180]&#10;"/>
  </testcase>
  <testcase name="closeBrowser" classname="com.atmecs.toolsQA.testscripts.TestHomePage" time="0">
    <skipped/>
  </testcase>
  <testcase name="closeBrowser" classname="com.atmecs.toolsQA.testscripts.TestHomePage" time="0">
    <skipped/>
  </testcase>
  <testcase name="closeBrowser" classname="com.atmecs.toolsQA.testscripts.TestHomePage" time="0">
    <skipped/>
  </testcase>
</testsuite>